2025-06-25 09:47:19,969 - my_logger - INFO - https://csde-file.trinablue.com/test/rsbu-mdm-contract-ps-api/20250311/D163810980004D3D876E21D4A7C1109A_67cf9b19e4b0aa437a8847db.xlsx-µÚ1ÕÅ±í-±»·ÖÎª{'type': 1}Àà£¬Í¨¹ıÌáÈ¡³É¹¦
2025-06-25 09:47:19,980 - my_logger - INFO - https://csde-file.trinablue.com/test/rsbu-mdm-contract-ps-api/20250311/D163810980004D3D876E21D4A7C1109A_67cf9b19e4b0aa437a8847db.xlsx-µÚ2ÕÅ±í-±»·ÖÎª{'type': 1}Àà£¬Í¨¹ıÌáÈ¡³É¹¦
2025-06-25 09:52:08,268 - my_logger - INFO - https://csde-file.trinablue.com/test/rsbu-mdm-contract-ps-api/20250311/D163810980004D3D876E21D4A7C1109A_67cf9b19e4b0aa437a8847db.xlsx-µÚ1ÕÅ±í-±»·ÖÎª{'type': 1}Àà£¬Í¨¹ıÌáÈ¡³É¹¦
2025-06-25 09:52:14,582 - my_logger - INFO - https://csde-file.trinablue.com/test/rsbu-mdm-contract-ps-api/20250311/D163810980004D3D876E21D4A7C1109A_67cf9b19e4b0aa437a8847db.xlsx-µÚ2ÕÅ±í-±»·ÖÎª{'type': 1}Àà£¬Í¨¹ıÌáÈ¡³É¹¦
2025-06-25 10:42:50,030 - my_logger - INFO - https://csde-file.trinablue.com/test/rsbu-mdm-contract-ps-api/20250311/D163810980004D3D876E21D4A7C1109A_67cf9b19e4b0aa437a8847db.xlsx-µÚ1ÕÅ±í-±»·ÖÎª{'type': 1}Àà£¬Í¨¹ıÌáÈ¡³ö35
2025-06-25 10:42:50,031 - my_logger - INFO - https://csde-file.trinablue.com/test/rsbu-mdm-contract-ps-api/20250311/D163810980004D3D876E21D4A7C1109A_67cf9b19e4b0aa437a8847db.xlsx-µÚ2ÕÅ±í-±»·ÖÎª{'type': 1}Àà£¬Í¨¹ıÌáÈ¡³ö2867
2025-06-25 11:51:49,448 - my_logger - INFO - https://csde-file.trinablue.com/test/rsbu-mdm-contract-ps-api/20250319/938F4173E5204F218AA375CFFD704E41_67da348ae4b099c0e5123f9e.xlsx-µÚ1ÕÅ±í-±»·ÖÎª{'type': 1}Àà£¬Í¨¹ıÌáÈ¡³ö1
2025-06-25 12:15:07,769 - my_logger - INFO - https://csde-file.trinablue.com/test/rsbu-mdm-contract-ps-api/20250319/938F4173E5204F218AA375CFFD704E41_67da348ae4b099c0e5123f9e.xlsx-µÚ1ÕÅ±í-±»·ÖÎª{'type': 1}Àà£¬Í¨¹ıÌáÈ¡³ö1
2025-06-25 12:20:06,119 - my_logger - INFO - https://csde-file.trinablue.com/test/rsbu-mdm-contract-ps-api/20250319/938F4173E5204F218AA375CFFD704E41_67da348ae4b099c0e5123f9e.xlsx-µÚ1ÕÅ±í-±»·ÖÎª{'type': 1}Àà£¬Í¨¹ıÌáÈ¡³ö1
2025-06-25 12:24:20,094 - my_logger - INFO - https://csde-file.trinablue.com/test/rsbu-mdm-contract-ps-api/20250319/938F4173E5204F218AA375CFFD704E41_67da348ae4b099c0e5123f9e.xlsx-µÚ1ÕÅ±í-±»·ÖÎª{'type': 1}Àà£¬Í¨¹ıÌáÈ¡³ö1
2025-06-25 12:28:09,423 - my_logger - INFO - https://csde-file.trinablue.com/test/rsbu-mdm-contract-ps-api/20250319/938F4173E5204F218AA375CFFD704E41_67da348ae4b099c0e5123f9e.xlsx-µÚ1ÕÅ±í-±»·ÖÎª{'type': 1}Àà£¬Í¨¹ıÌáÈ¡³ö1
2025-06-25 13:03:51,461 - my_logger - INFO - https://csde-file.trinablue.com/test/rsbu-mdm-contract-ps-api/20250319/938F4173E5204F218AA375CFFD704E41_67da348ae4b099c0e5123f9e.xlsx-µÚ1ÕÅ±í-±»·ÖÎª{'type': 1}Àà£¬Í¨¹ıÌáÈ¡³ö1
2025-06-25 13:06:32,517 - my_logger - INFO - https://csde-file.trinablue.com/test/rsbu-mdm-contract-ps-api/20250319/938F4173E5204F218AA375CFFD704E41_67da348ae4b099c0e5123f9e.xlsx-µÚ1ÕÅ±í-±»·ÖÎª{'type': 1}Àà£¬Í¨¹ıÌáÈ¡³ö1
2025-06-25 15:09:51,195 - my_logger - INFO - https://csde-file.trinablue.com/test/rsbu-mdm-contract-ps-api/20250305/BA0B8593223E4EA1AFA0CE31A85861AE_67c80d50e4b0f172de24e630.xlsx-µÚ1ÕÅ±í-±»·ÖÎª{'type': 1}Àà£¬Í¨¹ıÌáÈ¡³ö0
2025-06-25 15:09:51,197 - my_logger - INFO - https://csde-file.trinablue.com/test/rsbu-mdm-contract-ps-api/20250305/BA0B8593223E4EA1AFA0CE31A85861AE_67c80d50e4b0f172de24e630.xlsx-µÚ2ÕÅ±í-±»·ÖÎª{'type': 1}Àà£¬Í¨¹ıÌáÈ¡³ö67
2025-06-25 15:14:03,222 - my_logger - INFO - https://csde-file.trinablue.com/test/rsbu-mdm-contract-ps-api/20250305/BA0B8593223E4EA1AFA0CE31A85861AE_67c80d50e4b0f172de24e630.xlsx-µÚ1ÕÅ±í-±»·ÖÎª{'type': 1}Àà£¬Í¨¹ıÌáÈ¡³ö0
2025-06-25 15:14:03,223 - my_logger - INFO - https://csde-file.trinablue.com/test/rsbu-mdm-contract-ps-api/20250305/BA0B8593223E4EA1AFA0CE31A85861AE_67c80d50e4b0f172de24e630.xlsx-µÚ2ÕÅ±í-±»·ÖÎª{'type': 1}Àà£¬Í¨¹ıÌáÈ¡³ö67
2025-06-30 16:23:48,148 - my_logger - INFO - https://csde-file.trinablue.com/prod/rsbu-mdm-contract-ps-api/20250318/F053943EE77A499FA4D4D84E8FC0CF9C_67d906c0e4b054f2346cd051.xlsx-ç¬¬1å¼ è¡¨-è¢«åˆ†ä¸º{'type': 2}ç±»ï¼Œé€šè¿‡ç›´æ¥é€å…¥æ¨¡å‹æå–å‡º2820
2025-06-30 16:25:37,674 - my_logger - INFO - https://csde-file.trinablue.com/prod/rsbu-mdm-contract-ps-api/20250318/F053943EE77A499FA4D4D84E8FC0CF9C_67d906c0e4b054f2346cd051.xlsx-ç¬¬1å¼ è¡¨-è¢«åˆ†ä¸º{'type': 2}ç±»ï¼Œé€šè¿‡ç›´æ¥é€å…¥æ¨¡å‹æå–å‡º2954
2025-06-30 16:29:01,730 - my_logger - INFO - https://csde-file.trinablue.com/prod/rsbu-mdm-contract-ps-api/20250318/F053943EE77A499FA4D4D84E8FC0CF9C_67d906c0e4b054f2346cd051.xlsx-ç¬¬1å¼ è¡¨-è¢«åˆ†ä¸º{'type': 2}ç±»ï¼Œé€šè¿‡ç›´æ¥é€å…¥æ¨¡å‹æå–å‡º2954
2025-06-30 16:37:58,644 - my_logger - INFO - https://csde-file.trinablue.com/prod/rsbu-mdm-contract-ps-api/20250318/F053943EE77A499FA4D4D84E8FC0CF9C_67d906c0e4b054f2346cd051.xlsx-ç¬¬1å¼ è¡¨-è¢«åˆ†ä¸º{'type': 2}ç±»ï¼Œé€šè¿‡ç›´æ¥é€å…¥æ¨¡å‹æå–å‡º4
2025-07-01 12:06:03,080 - my_logger - ERROR - https://csde-file.trinablue.com/prod/rsbu-mdm-contract-ps-api/20250415/67FA9A7EF43C4C448C5DCCE65D4C6F91_67fe1621e4b07c9d995bc5dc.xlsx-ç¬¬1å¼ è¡¨-è¢«åˆ†ä¸ºNoneç±»ï¼Œé€šè¿‡æå–å¤±è´¥ã€‚å¤±è´¥åŸå› FineTypeNodeå‡ºé”™ï¼šError code: 502
